<?xml version="1.0" encoding="UTF-8"?>
<testng-results ignored="0" total="1" passed="1" failed="0" skipped="0">
  <reporter-output>
  </reporter-output>
  <suite started-at="2023-10-24T22:19:52 EDT" name="Default suite" finished-at="2023-10-24T22:20:06 EDT" duration-ms="13920">
    <groups>
      <group name="cucumber">
        <method signature="AbstractTestNGCucumberTests.feature(cucumber.api.testng.CucumberFeatureWrapper)[pri:0, instance:dream_TestRunner.dream_testRunn@4e5ed836]" name="feature" class="cucumber.api.testng.AbstractTestNGCucumberTests"/>
      </group> <!-- cucumber -->
    </groups>
    <test started-at="2023-10-24T22:19:52 EDT" name="Default test" finished-at="2023-10-24T22:20:06 EDT" duration-ms="13920">
      <class name="dream_TestRunner.dream_testRunn">
        <test-method is-config="true" signature="DStarturl()[pri:0, instance:dream_TestRunner.dream_testRunn@4e5ed836]" started-at="2023-10-24T22:19:52 EDT" name="DStarturl" finished-at="2023-10-24T22:19:55 EDT" duration-ms="2573" status="PASS">
          <reporter-output>
          </reporter-output>
        </test-method> <!-- DStarturl -->
        <test-method is-config="true" signature="setUpClass()[pri:0, instance:dream_TestRunner.dream_testRunn@4e5ed836]" started-at="2023-10-24T22:19:55 EDT" name="setUpClass" finished-at="2023-10-24T22:19:55 EDT" duration-ms="196" status="PASS">
          <reporter-output>
          </reporter-output>
        </test-method> <!-- setUpClass -->
        <test-method signature="feature(cucumber.api.testng.CucumberFeatureWrapper)[pri:0, instance:dream_TestRunner.dream_testRunn@4e5ed836]" started-at="2023-10-24T22:19:55 EDT" name="feature" description="Runs Cucumber Feature" data-provider="features" finished-at="2023-10-24T22:20:03 EDT" duration-ms="7726" status="PASS">
          <params>
            <param index="0">
              <value>
                <![CDATA[This is celender date functonality]]>
              </value>
            </param>
          </params>
          <reporter-output>
          </reporter-output>
        </test-method> <!-- feature -->
        <test-method is-config="true" signature="tearDownClass()[pri:0, instance:dream_TestRunner.dream_testRunn@4e5ed836]" started-at="2023-10-24T22:20:03 EDT" name="tearDownClass" finished-at="2023-10-24T22:20:03 EDT" duration-ms="17" status="PASS">
          <reporter-output>
          </reporter-output>
        </test-method> <!-- tearDownClass -->
        <test-method is-config="true" signature="DCloseurl()[pri:0, instance:dream_TestRunner.dream_testRunn@4e5ed836]" started-at="2023-10-24T22:20:03 EDT" name="DCloseurl" finished-at="2023-10-24T22:20:06 EDT" duration-ms="3273" status="PASS">
          <reporter-output>
          </reporter-output>
        </test-method> <!-- DCloseurl -->
      </class> <!-- dream_TestRunner.dream_testRunn -->
    </test> <!-- Default test -->
  </suite> <!-- Default suite -->
</testng-results>
